#
# A fatal error has been detected by the Java Runtime Environment:
#
#  SIGSEGV (0xb) at pc=0x00007ff4132f2f0a, pid=9033, tid=9100
#
# JRE version: OpenJDK Runtime Environment (11.0.17+8) (build 11.0.17+8-post-Ubuntu-1ubuntu222.04)
# Java VM: OpenJDK 64-Bit Server VM (11.0.17+8-post-Ubuntu-1ubuntu222.04, mixed mode, sharing, tiered, compressed oops, g1 gc, linux-amd64)
# Problematic frame:
# C  [libnvwgf2umx.so+0x286bf0a]
#
# No core dump will be written. Core dumps have been disabled. To enable core dumping, try "ulimit -c unlimited" before starting Java again
#
# If you would like to submit a bug report, please visit:
#   https://bugs.launchpad.net/ubuntu/+source/openjdk-lts
#

---------------  S U M M A R Y ------------

Command Line: -Dclassworlds.conf=/usr/share/maven/bin/m2.conf -Dmaven.home=/usr/share/maven -Dlibrary.jansi.path=/usr/share/maven/lib/jansi-native -Dmaven.multiModuleProjectDirectory=/mnt/c/Users/Miran Member/Desktop/CS TEMP/Final Coding Project org.codehaus.plexus.classworlds.launcher.Launcher exec:java

Host: AMD Ryzen 5 5600 6-Core Processor, 12 cores, 11G, Ubuntu 22.04.1 LTS
Time: Sun Dec 25 22:49:46 2022 CST elapsed time: 75.102023 seconds (0d 0h 1m 15s)

---------------  T H R E A D  ---------------

Current thread is native thread

